<?xml version="1.0" encoding="UTF-8"?>
<!-- Generated by org.testng.reporters.JUnitReportReporter -->
<testsuite name="Com.jbk1.Demotest1" tests="1" time="0.031" ignored="0" failures="0" timestamp="08 Jul 2021 05:36:33 GMT" skipped="0" hostname="sa" errors="0">
  <testcase name="test01" time="0.031" classname="Com.jbk1.Demotest1"/>
</testsuite> <!-- Com.jbk1.Demotest1 -->
